<?xml version="1.0" encoding="UTF-8"?>
<!-- Generated by org.testng.reporters.JUnitReportReporter -->
<testsuite hostname="CNrzguo.local" failures="0" tests="2" name="testcases.Login" time="12.279" errors="0" timestamp="27 May 2020 01:52:25 GMT">
  <testcase classname="testcases.Login" name="baiduHomePage" time="5.715"/>
  <testcase classname="testcases.Login" name="baiduHomePage2" time="6.564"/>
</testsuite> <!-- testcases.Login -->
