<?xml version="1.0" encoding="UTF-8"?>
<!-- Generated by org.testng.reporters.JUnitReportReporter -->
<testsuite hostname="CNrzguo.local" failures="0" tests="2" name="testcases.Register" time="7.298" errors="0" timestamp="27 May 2020 01:52:25 GMT">
  <testcase classname="testcases.Register" name="openJianShu" time="4.606"/>
  <testcase classname="testcases.Register" name="loginJianShu" time="2.692"/>
</testsuite> <!-- testcases.Register -->
